c:\users\richie\desktop\gameplay\gameplay-programming-i\ninjarunner\ninjarunner\ninjarunner\debug\accendladderplayerstate.obj
c:\users\richie\desktop\gameplay\gameplay-programming-i\ninjarunner\ninjarunner\ninjarunner\debug\animatedsprite.obj
c:\users\richie\desktop\gameplay\gameplay-programming-i\ninjarunner\ninjarunner\ninjarunner\debug\attackplayerstate.obj
c:\users\richie\desktop\gameplay\gameplay-programming-i\ninjarunner\ninjarunner\ninjarunner\debug\climbdownplayerstate.obj
c:\users\richie\desktop\gameplay\gameplay-programming-i\ninjarunner\ninjarunner\ninjarunner\debug\climbpauseplayerstate.obj
c:\users\richie\desktop\gameplay\gameplay-programming-i\ninjarunner\ninjarunner\ninjarunner\debug\climbupplayerstate.obj
c:\users\richie\desktop\gameplay\gameplay-programming-i\ninjarunner\ninjarunner\ninjarunner\debug\decendladderplayerstate.obj
c:\users\richie\desktop\gameplay\gameplay-programming-i\ninjarunner\ninjarunner\ninjarunner\debug\diedplayerstate.obj
c:\users\richie\desktop\gameplay\gameplay-programming-i\ninjarunner\ninjarunner\ninjarunner\debug\enemy.obj
c:\users\richie\desktop\gameplay\gameplay-programming-i\ninjarunner\ninjarunner\ninjarunner\debug\enemycontroller.obj
c:\users\richie\desktop\gameplay\gameplay-programming-i\ninjarunner\ninjarunner\ninjarunner\debug\events.obj
c:\users\richie\desktop\gameplay\gameplay-programming-i\ninjarunner\ninjarunner\ninjarunner\debug\gameplay.obj
c:\users\richie\desktop\gameplay\gameplay-programming-i\ninjarunner\ninjarunner\ninjarunner\debug\glideplayerstate.obj
c:\users\richie\desktop\gameplay\gameplay-programming-i\ninjarunner\ninjarunner\ninjarunner\debug\gliderunningrightplayerstate.obj
c:\users\richie\desktop\gameplay\gameplay-programming-i\ninjarunner\ninjarunner\ninjarunner\debug\hammeringplayerstate.obj
c:\users\richie\desktop\gameplay\gameplay-programming-i\ninjarunner\ninjarunner\ninjarunner\debug\idleplayerstate.obj
c:\users\richie\desktop\gameplay\gameplay-programming-i\ninjarunner\ninjarunner\ninjarunner\debug\jumpattackplayerstate.obj
c:\users\richie\desktop\gameplay\gameplay-programming-i\ninjarunner\ninjarunner\ninjarunner\debug\jumpplayerstate.obj
c:\users\richie\desktop\gameplay\gameplay-programming-i\ninjarunner\ninjarunner\ninjarunner\debug\jumprunningrightplayerstate.obj
c:\users\richie\desktop\gameplay\gameplay-programming-i\ninjarunner\ninjarunner\ninjarunner\debug\jumpthrowattackplayerstate.obj
c:\users\richie\desktop\gameplay\gameplay-programming-i\ninjarunner\ninjarunner\ninjarunner\debug\main.obj
c:\users\richie\desktop\gameplay\gameplay-programming-i\ninjarunner\ninjarunner\ninjarunner\debug\platform.obj
c:\users\richie\desktop\gameplay\gameplay-programming-i\ninjarunner\ninjarunner\ninjarunner\debug\platformcontroller.obj
c:\users\richie\desktop\gameplay\gameplay-programming-i\ninjarunner\ninjarunner\ninjarunner\debug\player.obj
c:\users\richie\desktop\gameplay\gameplay-programming-i\ninjarunner\ninjarunner\ninjarunner\debug\playercontroller.obj
c:\users\richie\desktop\gameplay\gameplay-programming-i\ninjarunner\ninjarunner\ninjarunner\debug\rectanglecollider.obj
c:\users\richie\desktop\gameplay\gameplay-programming-i\ninjarunner\ninjarunner\ninjarunner\debug\revivedplayerstate.obj
c:\users\richie\desktop\gameplay\gameplay-programming-i\ninjarunner\ninjarunner\ninjarunner\debug\runningjumpattack.obj
c:\users\richie\desktop\gameplay\gameplay-programming-i\ninjarunner\ninjarunner\ninjarunner\debug\runningjumpthrowplayerstate.obj
c:\users\richie\desktop\gameplay\gameplay-programming-i\ninjarunner\ninjarunner\ninjarunner\debug\runrightplayerstate.obj
c:\users\richie\desktop\gameplay\gameplay-programming-i\ninjarunner\ninjarunner\ninjarunner\debug\shovelplayerstate.obj
c:\users\richie\desktop\gameplay\gameplay-programming-i\ninjarunner\ninjarunner\ninjarunner\debug\slideplayerstate.obj
c:\users\richie\desktop\gameplay\gameplay-programming-i\ninjarunner\ninjarunner\ninjarunner\debug\throwattackplayerstate.obj
c:\users\richie\desktop\gameplay\gameplay-programming-i\ninjarunner\ninjarunner\ninjarunner\debug\vc143.idb
c:\users\richie\desktop\gameplay\gameplay-programming-i\ninjarunner\ninjarunner\ninjarunner\debug\vc143.pdb
c:\users\richie\desktop\gameplay\gameplay-programming-i\ninjarunner\ninjarunner\ninjarunner\debug\ninjarunner.tlog\cl.command.1.tlog
