c:\users\c00272345\desktop\gameplay\gameplay-programming-i\gameplayproject\ninjarunner\ninjarunner\debug\vc142.pdb
c:\users\c00272345\desktop\gameplay\gameplay-programming-i\gameplayproject\ninjarunner\ninjarunner\debug\vc142.idb
c:\users\c00272345\desktop\gameplay\gameplay-programming-i\gameplayproject\ninjarunner\ninjarunner\debug\main.obj
c:\users\c00272345\desktop\gameplay\gameplay-programming-i\gameplayproject\ninjarunner\ninjarunner\debug\game.obj
c:\users\c00272345\desktop\gameplay\gameplay-programming-i\gameplayproject\ninjarunner\ninjarunner\debug\player.obj
c:\users\c00272345\desktop\gameplay\gameplay-programming-i\gameplayproject\ninjarunner\ninjarunner\debug\jumpthrowattackplayerstate.obj
c:\users\c00272345\desktop\gameplay\gameplay-programming-i\gameplayproject\ninjarunner\ninjarunner\debug\jumprunningrightplayerstate.obj
c:\users\c00272345\desktop\gameplay\gameplay-programming-i\gameplayproject\ninjarunner\ninjarunner\debug\jumpplayerstate.obj
c:\users\c00272345\desktop\gameplay\gameplay-programming-i\gameplayproject\ninjarunner\ninjarunner\debug\jumpattackplayerstate.obj
c:\users\c00272345\desktop\gameplay\gameplay-programming-i\gameplayproject\ninjarunner\ninjarunner\debug\idleplayerstate.obj
c:\users\c00272345\desktop\gameplay\gameplay-programming-i\gameplayproject\ninjarunner\ninjarunner\debug\hammeringplayerstate.obj
c:\users\c00272345\desktop\gameplay\gameplay-programming-i\gameplayproject\ninjarunner\ninjarunner\debug\gliderunningrightplayerstate.obj
c:\users\c00272345\desktop\gameplay\gameplay-programming-i\gameplayproject\ninjarunner\ninjarunner\debug\glideplayerstate.obj
c:\users\c00272345\desktop\gameplay\gameplay-programming-i\gameplayproject\ninjarunner\ninjarunner\debug\events.obj
c:\users\c00272345\desktop\gameplay\gameplay-programming-i\gameplayproject\ninjarunner\ninjarunner\debug\decendladderplayerstate.obj
c:\users\c00272345\desktop\gameplay\gameplay-programming-i\gameplayproject\ninjarunner\ninjarunner\debug\climbupplayerstate.obj
c:\users\c00272345\desktop\gameplay\gameplay-programming-i\gameplayproject\ninjarunner\ninjarunner\debug\climbpauseplayerstate.obj
c:\users\c00272345\desktop\gameplay\gameplay-programming-i\gameplayproject\ninjarunner\ninjarunner\debug\climbdownplayerstate.obj
c:\users\c00272345\desktop\gameplay\gameplay-programming-i\gameplayproject\ninjarunner\ninjarunner\debug\attackplayerstate.obj
c:\users\c00272345\desktop\gameplay\gameplay-programming-i\gameplayproject\ninjarunner\ninjarunner\debug\animatedsprite.obj
c:\users\c00272345\desktop\gameplay\gameplay-programming-i\gameplayproject\ninjarunner\ninjarunner\debug\accendladderplayerstate.obj
c:\users\c00272345\desktop\gameplay\gameplay-programming-i\gameplayproject\ninjarunner\ninjarunner\debug\throwattackplayerstate.obj
c:\users\c00272345\desktop\gameplay\gameplay-programming-i\gameplayproject\ninjarunner\ninjarunner\debug\slideplayerstate.obj
c:\users\c00272345\desktop\gameplay\gameplay-programming-i\gameplayproject\ninjarunner\ninjarunner\debug\shovelplayerstate.obj
c:\users\c00272345\desktop\gameplay\gameplay-programming-i\gameplayproject\ninjarunner\ninjarunner\debug\runrightplayerstate.obj
c:\users\c00272345\desktop\gameplay\gameplay-programming-i\gameplayproject\ninjarunner\ninjarunner\debug\runningjumpthrowplayerstate.obj
c:\users\c00272345\desktop\gameplay\gameplay-programming-i\gameplayproject\ninjarunner\ninjarunner\debug\runningjumpattack.obj
c:\users\c00272345\desktop\gameplay\gameplay-programming-i\gameplayproject\ninjarunner\ninjarunner\debug\revivedplayerstate.obj
c:\users\c00272345\desktop\gameplay\gameplay-programming-i\gameplayproject\ninjarunner\ninjarunner\debug\vc143.pdb
c:\users\c00272345\desktop\gameplay\gameplay-programming-i\gameplayproject\ninjarunner\ninjarunner\debug\vc143.idb
c:\users\c00272345\desktop\gameplay\gameplay-programming-i\gameplayproject\ninjarunner\ninjarunner\debug\diedplayerstate.obj
c:\users\c00272345\desktop\gameplay\gameplay-programming-i\gameplayproject\ninjarunner\ninjarunner\debug\ninjarunner.ilk
c:\users\c00272345\desktop\gameplay\gameplay-programming-i\gameplayproject\ninjarunner\debug\ninjarunner.exe
c:\users\c00272345\desktop\gameplay\gameplay-programming-i\gameplayproject\ninjarunner\debug\ninjarunner.pdb
c:\users\c00272345\desktop\gameplay\gameplay-programming-i\gameplayproject\ninjarunner\ninjarunner\debug\ninjarunner.tlog\cl.command.1.tlog
c:\users\c00272345\desktop\gameplay\gameplay-programming-i\gameplayproject\ninjarunner\ninjarunner\debug\ninjarunner.tlog\cl.read.1.tlog
c:\users\c00272345\desktop\gameplay\gameplay-programming-i\gameplayproject\ninjarunner\ninjarunner\debug\ninjarunner.tlog\cl.write.1.tlog
c:\users\c00272345\desktop\gameplay\gameplay-programming-i\gameplayproject\ninjarunner\ninjarunner\debug\ninjarunner.tlog\link-cvtres.read.1.tlog
c:\users\c00272345\desktop\gameplay\gameplay-programming-i\gameplayproject\ninjarunner\ninjarunner\debug\ninjarunner.tlog\link-cvtres.write.1.tlog
c:\users\c00272345\desktop\gameplay\gameplay-programming-i\gameplayproject\ninjarunner\ninjarunner\debug\ninjarunner.tlog\link-rc.read.1.tlog
c:\users\c00272345\desktop\gameplay\gameplay-programming-i\gameplayproject\ninjarunner\ninjarunner\debug\ninjarunner.tlog\link-rc.write.1.tlog
c:\users\c00272345\desktop\gameplay\gameplay-programming-i\gameplayproject\ninjarunner\ninjarunner\debug\ninjarunner.tlog\link.17096-cvtres.read.1.tlog
c:\users\c00272345\desktop\gameplay\gameplay-programming-i\gameplayproject\ninjarunner\ninjarunner\debug\ninjarunner.tlog\link.17096-cvtres.write.1.tlog
c:\users\c00272345\desktop\gameplay\gameplay-programming-i\gameplayproject\ninjarunner\ninjarunner\debug\ninjarunner.tlog\link.17096-rc.read.1.tlog
c:\users\c00272345\desktop\gameplay\gameplay-programming-i\gameplayproject\ninjarunner\ninjarunner\debug\ninjarunner.tlog\link.17096-rc.write.1.tlog
c:\users\c00272345\desktop\gameplay\gameplay-programming-i\gameplayproject\ninjarunner\ninjarunner\debug\ninjarunner.tlog\link.17096.read.1.tlog
c:\users\c00272345\desktop\gameplay\gameplay-programming-i\gameplayproject\ninjarunner\ninjarunner\debug\ninjarunner.tlog\link.17096.write.1.tlog
c:\users\c00272345\desktop\gameplay\gameplay-programming-i\gameplayproject\ninjarunner\ninjarunner\debug\ninjarunner.tlog\link.command.1.tlog
c:\users\c00272345\desktop\gameplay\gameplay-programming-i\gameplayproject\ninjarunner\ninjarunner\debug\ninjarunner.tlog\link.read.1.tlog
c:\users\c00272345\desktop\gameplay\gameplay-programming-i\gameplayproject\ninjarunner\ninjarunner\debug\ninjarunner.tlog\link.write.1.tlog
